2026-04-06 15:14:03: 
2026-04-06 15:14:03: > neron-client@0.1.0 start
2026-04-06 15:14:03: > next start
2026-04-06 15:14:03: 
2026-04-06 15:14:04: 
2026-04-06 15:14:04: > neron-client@0.1.0 start
2026-04-06 15:14:04: > next start
2026-04-06 15:14:04: 
2026-04-06 15:14:04: 
2026-04-06 15:14:04: > neron-client@0.1.0 start
2026-04-06 15:14:04: > next start
2026-04-06 15:14:04: 
2026-04-06 15:14:05: 
2026-04-06 15:14:05: > neron-client@0.1.0 start
2026-04-06 15:14:05: > next start
2026-04-06 15:14:05: 
2026-04-06 15:14:06: 
2026-04-06 15:14:06: > neron-client@0.1.0 start
2026-04-06 15:14:06: > next start
2026-04-06 15:14:06: 
2026-04-06 15:14:06: 
2026-04-06 15:14:06: > neron-client@0.1.0 start
2026-04-06 15:14:06: > next start
2026-04-06 15:14:06: 
2026-04-06 15:14:07: 
2026-04-06 15:14:07: > neron-client@0.1.0 start
2026-04-06 15:14:07: > next start
2026-04-06 15:14:07: 
2026-04-06 15:14:07: 
2026-04-06 15:14:07: > neron-client@0.1.0 start
2026-04-06 15:14:07: > next start
2026-04-06 15:14:07: 
2026-04-06 15:14:08: 
2026-04-06 15:14:08: > neron-client@0.1.0 start
2026-04-06 15:14:08: > next start
2026-04-06 15:14:08: 
2026-04-06 15:14:09: 
2026-04-06 15:14:09: > neron-client@0.1.0 start
2026-04-06 15:14:09: > next start
2026-04-06 15:14:09: 
2026-04-06 15:15:56: 
2026-04-06 15:15:56: > neron-client@0.1.0 start
2026-04-06 15:15:56: > next start
2026-04-06 15:15:56: 
2026-04-06 15:15:57: 
2026-04-06 15:15:57: > neron-client@0.1.0 start
2026-04-06 15:15:57: > next start
2026-04-06 15:15:57: 
2026-04-06 15:15:58: 
2026-04-06 15:15:58: > neron-client@0.1.0 start
2026-04-06 15:15:58: > next start
2026-04-06 15:15:58: 
2026-04-06 15:15:58: 
2026-04-06 15:15:58: > neron-client@0.1.0 start
2026-04-06 15:15:58: > next start
2026-04-06 15:15:58: 
2026-04-06 15:15:59: 
2026-04-06 15:15:59: > neron-client@0.1.0 start
2026-04-06 15:15:59: > next start
2026-04-06 15:15:59: 
2026-04-06 15:15:59: 
2026-04-06 15:15:59: > neron-client@0.1.0 start
2026-04-06 15:15:59: > next start
2026-04-06 15:15:59: 
2026-04-06 15:16:00: 
2026-04-06 15:16:00: > neron-client@0.1.0 start
2026-04-06 15:16:00: > next start
2026-04-06 15:16:00: 
2026-04-06 15:16:01: 
2026-04-06 15:16:01: > neron-client@0.1.0 start
2026-04-06 15:16:01: > next start
2026-04-06 15:16:01: 
2026-04-06 15:16:01: 
2026-04-06 15:16:01: > neron-client@0.1.0 start
2026-04-06 15:16:01: > next start
2026-04-06 15:16:01: 
2026-04-06 15:16:02: 
2026-04-06 15:16:02: > neron-client@0.1.0 start
2026-04-06 15:16:02: > next start
2026-04-06 15:16:02: 
2026-04-06 15:16:21: 
2026-04-06 15:16:21: > neron-client@0.1.0 start
2026-04-06 15:16:21: > next start
2026-04-06 15:16:21: 
2026-04-06 15:16:22: 
2026-04-06 15:16:22: > neron-client@0.1.0 start
2026-04-06 15:16:22: > next start
2026-04-06 15:16:22: 
2026-04-06 15:16:22: 
2026-04-06 15:16:22: > neron-client@0.1.0 start
2026-04-06 15:16:22: > next start
2026-04-06 15:16:22: 
2026-04-06 15:16:23: 
2026-04-06 15:16:23: > neron-client@0.1.0 start
2026-04-06 15:16:23: > next start
2026-04-06 15:16:23: 
2026-04-06 15:16:24: 
2026-04-06 15:16:24: > neron-client@0.1.0 start
2026-04-06 15:16:24: > next start
2026-04-06 15:16:24: 
2026-04-06 15:16:24: 
2026-04-06 15:16:24: > neron-client@0.1.0 start
2026-04-06 15:16:24: > next start
2026-04-06 15:16:24: 
2026-04-06 15:16:25: 
2026-04-06 15:16:25: > neron-client@0.1.0 start
2026-04-06 15:16:25: > next start
2026-04-06 15:16:25: 
2026-04-06 15:16:25: 
2026-04-06 15:16:25: > neron-client@0.1.0 start
2026-04-06 15:16:25: > next start
2026-04-06 15:16:25: 
2026-04-06 15:16:26: 
2026-04-06 15:16:26: > neron-client@0.1.0 start
2026-04-06 15:16:26: > next start
2026-04-06 15:16:26: 
2026-04-06 15:16:27: 
2026-04-06 15:16:27: > neron-client@0.1.0 start
2026-04-06 15:16:27: > next start
2026-04-06 15:16:27: 
2026-04-06 15:18:18: 
2026-04-06 15:18:18: > neron-client@0.1.0 start
2026-04-06 15:18:18: > next start
2026-04-06 15:18:18: 
2026-04-06 15:18:19: 
2026-04-06 15:18:19: > neron-client@0.1.0 start
2026-04-06 15:18:19: > next start
2026-04-06 15:18:19: 
2026-04-06 15:18:19: 
2026-04-06 15:18:19: > neron-client@0.1.0 start
2026-04-06 15:18:19: > next start
2026-04-06 15:18:19: 
2026-04-06 15:18:20: 
2026-04-06 15:18:20: > neron-client@0.1.0 start
2026-04-06 15:18:20: > next start
2026-04-06 15:18:20: 
2026-04-06 15:18:20: 
2026-04-06 15:18:20: > neron-client@0.1.0 start
2026-04-06 15:18:20: > next start
2026-04-06 15:18:20: 
2026-04-06 15:18:21: 
2026-04-06 15:18:21: > neron-client@0.1.0 start
2026-04-06 15:18:21: > next start
2026-04-06 15:18:21: 
2026-04-06 15:18:22: 
2026-04-06 15:18:22: > neron-client@0.1.0 start
2026-04-06 15:18:22: > next start
2026-04-06 15:18:22: 
2026-04-06 15:18:22: 
2026-04-06 15:18:22: > neron-client@0.1.0 start
2026-04-06 15:18:22: > next start
2026-04-06 15:18:22: 
2026-04-06 15:18:23: 
2026-04-06 15:18:23: > neron-client@0.1.0 start
2026-04-06 15:18:23: > next start
2026-04-06 15:18:23: 
2026-04-06 15:18:23: 
2026-04-06 15:18:23: > neron-client@0.1.0 start
2026-04-06 15:18:23: > next start
2026-04-06 15:18:23: 
2026-04-06 15:20:10: 
2026-04-06 15:20:10: > neron-client@0.1.0 start
2026-04-06 15:20:10: > next start
2026-04-06 15:20:10: 
2026-04-06 15:20:10:    ▲ Next.js 15.5.14
2026-04-06 15:20:10:    - Local:        http://localhost:3000
2026-04-06 15:20:10:    - Network:      http://192.168.1.130:3000
2026-04-06 15:20:10: 
2026-04-06 15:20:10:  ✓ Starting...
2026-04-06 15:20:11:  ✓ Ready in 815ms
2026-04-06 15:20:36: 
2026-04-06 15:20:36: > neron-client@0.1.0 start
2026-04-06 15:20:36: > next start
2026-04-06 15:20:36: 
2026-04-06 15:20:36:    ▲ Next.js 15.5.14
2026-04-06 15:20:36:    - Local:        http://localhost:3000
2026-04-06 15:20:36:    - Network:      http://192.168.1.130:3000
2026-04-06 15:20:36: 
2026-04-06 15:20:36:  ✓ Starting...
2026-04-06 15:20:37:  ✓ Ready in 827ms
2026-04-06 15:22:50: 
2026-04-06 15:22:50: > neron-client@0.1.0 start
2026-04-06 15:22:50: > next start
2026-04-06 15:22:50: 
2026-04-06 15:22:50:    ▲ Next.js 15.5.14
2026-04-06 15:22:50:    - Local:        http://localhost:3000
2026-04-06 15:22:50:    - Network:      http://192.168.1.130:3000
2026-04-06 15:22:50: 
2026-04-06 15:22:50:  ✓ Starting...
2026-04-06 15:22:51:  ✓ Ready in 858ms
2026-04-06 15:56:15: 
2026-04-06 15:56:15: > neron-client@0.1.0 start
2026-04-06 15:56:15: > next start
2026-04-06 15:56:15: 
2026-04-06 15:56:15:    ▲ Next.js 15.5.14
2026-04-06 15:56:15:    - Local:        http://localhost:3000
2026-04-06 15:56:15:    - Network:      http://192.168.1.130:3000
2026-04-06 15:56:15: 
2026-04-06 15:56:15:  ✓ Starting...
2026-04-06 15:56:21: 
2026-04-06 15:56:21: > neron-client@0.1.0 start
2026-04-06 15:56:21: > next start
2026-04-06 15:56:21: 
2026-04-06 15:56:21:    ▲ Next.js 15.5.14
2026-04-06 15:56:21:    - Local:        http://localhost:3000
2026-04-06 15:56:21:    - Network:      http://192.168.1.130:3000
2026-04-06 15:56:21: 
2026-04-06 15:56:21:  ✓ Starting...
2026-04-06 15:56:27: 
2026-04-06 15:56:27: > neron-client@0.1.0 start
2026-04-06 15:56:27: > next start
2026-04-06 15:56:27: 
2026-04-06 15:56:28:    ▲ Next.js 15.5.14
2026-04-06 15:56:28:    - Local:        http://localhost:3000
2026-04-06 15:56:28:    - Network:      http://192.168.1.130:3000
2026-04-06 15:56:28: 
2026-04-06 15:56:28:  ✓ Starting...
2026-04-06 15:56:33: 
2026-04-06 15:56:33: > neron-client@0.1.0 start
2026-04-06 15:56:33: > next start
2026-04-06 15:56:33: 
2026-04-06 15:56:34:    ▲ Next.js 15.5.14
2026-04-06 15:56:34:    - Local:        http://localhost:3000
2026-04-06 15:56:34:    - Network:      http://192.168.1.130:3000
2026-04-06 15:56:34: 
2026-04-06 15:56:34:  ✓ Starting...
2026-04-06 15:56:40: 
2026-04-06 15:56:40: > neron-client@0.1.0 start
2026-04-06 15:56:40: > next start
2026-04-06 15:56:40: 
2026-04-06 15:56:40:    ▲ Next.js 15.5.14
2026-04-06 15:56:40:    - Local:        http://localhost:3000
2026-04-06 15:56:40:    - Network:      http://192.168.1.130:3000
2026-04-06 15:56:40: 
2026-04-06 15:56:40:  ✓ Starting...
2026-04-06 15:56:46: 
2026-04-06 15:56:46: > neron-client@0.1.0 start
2026-04-06 15:56:46: > next start
2026-04-06 15:56:46: 
2026-04-06 15:56:46:    ▲ Next.js 15.5.14
2026-04-06 15:56:46:    - Local:        http://localhost:3000
2026-04-06 15:56:46:    - Network:      http://192.168.1.130:3000
2026-04-06 15:56:46: 
2026-04-06 15:56:46:  ✓ Starting...
2026-04-06 15:56:52: 
2026-04-06 15:56:52: > neron-client@0.1.0 start
2026-04-06 15:56:52: > next start
2026-04-06 15:56:52: 
2026-04-06 15:56:52:    ▲ Next.js 15.5.14
2026-04-06 15:56:52:    - Local:        http://localhost:3000
2026-04-06 15:56:52:    - Network:      http://192.168.1.130:3000
2026-04-06 15:56:52: 
2026-04-06 15:56:52:  ✓ Starting...
2026-04-06 15:56:58: 
2026-04-06 15:56:58: > neron-client@0.1.0 start
2026-04-06 15:56:58: > next start
2026-04-06 15:56:58: 
2026-04-06 15:56:58:    ▲ Next.js 15.5.14
2026-04-06 15:56:58:    - Local:        http://localhost:3000
2026-04-06 15:56:58:    - Network:      http://192.168.1.130:3000
2026-04-06 15:56:58: 
2026-04-06 15:56:58:  ✓ Starting...
2026-04-06 15:57:04: 
2026-04-06 15:57:04: > neron-client@0.1.0 start
2026-04-06 15:57:04: > next start
2026-04-06 15:57:04: 
2026-04-06 15:57:05:    ▲ Next.js 15.5.14
2026-04-06 15:57:05:    - Local:        http://localhost:3000
2026-04-06 15:57:05:    - Network:      http://192.168.1.130:3000
2026-04-06 15:57:05: 
2026-04-06 15:57:05:  ✓ Starting...
2026-04-06 15:57:11: 
2026-04-06 15:57:11: > neron-client@0.1.0 start
2026-04-06 15:57:11: > next start
2026-04-06 15:57:11: 
2026-04-06 15:57:11:    ▲ Next.js 15.5.14
2026-04-06 15:57:11:    - Local:        http://localhost:3000
2026-04-06 15:57:11:    - Network:      http://192.168.1.130:3000
2026-04-06 15:57:11: 
2026-04-06 15:57:11:  ✓ Starting...
2026-04-06 15:57:17: 
2026-04-06 15:57:17: > neron-client@0.1.0 start
2026-04-06 15:57:17: > next start
2026-04-06 15:57:17: 
2026-04-06 15:57:17:    ▲ Next.js 15.5.14
2026-04-06 15:57:17:    - Local:        http://localhost:3000
2026-04-06 15:57:17:    - Network:      http://192.168.1.130:3000
2026-04-06 15:57:17: 
2026-04-06 15:57:17:  ✓ Starting...
2026-04-06 15:57:23: 
2026-04-06 15:57:23: > neron-client@0.1.0 start
2026-04-06 15:57:23: > next start
2026-04-06 15:57:23: 
2026-04-06 15:57:23:    ▲ Next.js 15.5.14
2026-04-06 15:57:23:    - Local:        http://localhost:3000
2026-04-06 15:57:23:    - Network:      http://192.168.1.130:3000
2026-04-06 15:57:23: 
2026-04-06 15:57:23:  ✓ Starting...
2026-04-06 15:57:29: 
2026-04-06 15:57:29: > neron-client@0.1.0 start
2026-04-06 15:57:29: > next start
2026-04-06 15:57:29: 
2026-04-06 15:57:29:    ▲ Next.js 15.5.14
2026-04-06 15:57:29:    - Local:        http://localhost:3000
2026-04-06 15:57:29:    - Network:      http://192.168.1.130:3000
2026-04-06 15:57:29: 
2026-04-06 15:57:29:  ✓ Starting...
2026-04-06 15:57:35: 
2026-04-06 15:57:35: > neron-client@0.1.0 start
2026-04-06 15:57:35: > next start
2026-04-06 15:57:35: 
2026-04-06 15:57:36:    ▲ Next.js 15.5.14
2026-04-06 15:57:36:    - Local:        http://localhost:3000
2026-04-06 15:57:36:    - Network:      http://192.168.1.130:3000
2026-04-06 15:57:36: 
2026-04-06 15:57:36:  ✓ Starting...
2026-04-06 15:57:41: 
2026-04-06 15:57:41: > neron-client@0.1.0 start
2026-04-06 15:57:41: > next start
2026-04-06 15:57:41: 
2026-04-06 15:57:42:    ▲ Next.js 15.5.14
2026-04-06 15:57:42:    - Local:        http://localhost:3000
2026-04-06 15:57:42:    - Network:      http://192.168.1.130:3000
2026-04-06 15:57:42: 
2026-04-06 15:57:42:  ✓ Starting...
2026-04-06 15:57:48: 
2026-04-06 15:57:48: > neron-client@0.1.0 start
2026-04-06 15:57:48: > next start
2026-04-06 15:57:48: 
2026-04-06 15:57:48:    ▲ Next.js 15.5.14
2026-04-06 15:57:48:    - Local:        http://localhost:3000
2026-04-06 15:57:48:    - Network:      http://192.168.1.130:3000
2026-04-06 15:57:48: 
2026-04-06 15:57:48:  ✓ Starting...
2026-04-06 15:57:54: 
2026-04-06 15:57:54: > neron-client@0.1.0 start
2026-04-06 15:57:54: > next start
2026-04-06 15:57:54: 
2026-04-06 15:57:54:    ▲ Next.js 15.5.14
2026-04-06 15:57:54:    - Local:        http://localhost:3000
2026-04-06 15:57:54:    - Network:      http://192.168.1.130:3000
2026-04-06 15:57:54: 
2026-04-06 15:57:54:  ✓ Starting...
2026-04-06 15:58:00: 
2026-04-06 15:58:00: > neron-client@0.1.0 start
2026-04-06 15:58:00: > next start
2026-04-06 15:58:00: 
2026-04-06 15:58:00:    ▲ Next.js 15.5.14
2026-04-06 15:58:00:    - Local:        http://localhost:3000
2026-04-06 15:58:00:    - Network:      http://192.168.1.130:3000
2026-04-06 15:58:00: 
2026-04-06 15:58:00:  ✓ Starting...
2026-04-06 15:58:06: 
2026-04-06 15:58:06: > neron-client@0.1.0 start
2026-04-06 15:58:06: > next start
2026-04-06 15:58:06: 
2026-04-06 15:58:06:    ▲ Next.js 15.5.14
2026-04-06 15:58:06:    - Local:        http://localhost:3000
2026-04-06 15:58:06:    - Network:      http://192.168.1.130:3000
2026-04-06 15:58:06: 
2026-04-06 15:58:06:  ✓ Starting...
2026-04-06 15:58:12: 
2026-04-06 15:58:12: > neron-client@0.1.0 start
2026-04-06 15:58:12: > next start
2026-04-06 15:58:12: 
2026-04-06 15:58:13:    ▲ Next.js 15.5.14
2026-04-06 15:58:13:    - Local:        http://localhost:3000
2026-04-06 15:58:13:    - Network:      http://192.168.1.130:3000
2026-04-06 15:58:13: 
2026-04-06 15:58:13:  ✓ Starting...
2026-04-06 15:58:18: 
2026-04-06 15:58:18: > neron-client@0.1.0 start
2026-04-06 15:58:18: > next start
2026-04-06 15:58:18: 
2026-04-06 15:58:19:    ▲ Next.js 15.5.14
2026-04-06 15:58:19:    - Local:        http://localhost:3000
2026-04-06 15:58:19:    - Network:      http://192.168.1.130:3000
2026-04-06 15:58:19: 
2026-04-06 15:58:19:  ✓ Starting...
2026-04-06 15:58:25: 
2026-04-06 15:58:25: > neron-client@0.1.0 start
2026-04-06 15:58:25: > next start
2026-04-06 15:58:25: 
2026-04-06 15:58:25:    ▲ Next.js 15.5.14
2026-04-06 15:58:25:    - Local:        http://localhost:3000
2026-04-06 15:58:25:    - Network:      http://192.168.1.130:3000
2026-04-06 15:58:25: 
2026-04-06 15:58:25:  ✓ Starting...
2026-04-06 15:58:31: 
2026-04-06 15:58:31: > neron-client@0.1.0 start
2026-04-06 15:58:31: > next start
2026-04-06 15:58:31: 
2026-04-06 15:58:31:    ▲ Next.js 15.5.14
2026-04-06 15:58:31:    - Local:        http://localhost:3000
2026-04-06 15:58:31:    - Network:      http://192.168.1.130:3000
2026-04-06 15:58:31: 
2026-04-06 15:58:31:  ✓ Starting...
2026-04-06 15:58:37: 
2026-04-06 15:58:37: > neron-client@0.1.0 start
2026-04-06 15:58:37: > next start
2026-04-06 15:58:37: 
2026-04-06 15:58:37:    ▲ Next.js 15.5.14
2026-04-06 15:58:37:    - Local:        http://localhost:3000
2026-04-06 15:58:37:    - Network:      http://192.168.1.130:3000
2026-04-06 15:58:37: 
2026-04-06 15:58:37:  ✓ Starting...
2026-04-06 15:58:43: 
2026-04-06 15:58:43: > neron-client@0.1.0 start
2026-04-06 15:58:43: > next start
2026-04-06 15:58:43: 
2026-04-06 15:58:43:    ▲ Next.js 15.5.14
2026-04-06 15:58:43:    - Local:        http://localhost:3000
2026-04-06 15:58:43:    - Network:      http://192.168.1.130:3000
2026-04-06 15:58:43: 
2026-04-06 15:58:43:  ✓ Starting...
2026-04-06 15:58:49: 
2026-04-06 15:58:49: > neron-client@0.1.0 start
2026-04-06 15:58:49: > next start
2026-04-06 15:58:49: 
2026-04-06 15:58:50:    ▲ Next.js 15.5.14
2026-04-06 15:58:50:    - Local:        http://localhost:3000
2026-04-06 15:58:50:    - Network:      http://192.168.1.130:3000
2026-04-06 15:58:50: 
2026-04-06 15:58:50:  ✓ Starting...
2026-04-06 15:58:55: 
2026-04-06 15:58:55: > neron-client@0.1.0 start
2026-04-06 15:58:55: > next start
2026-04-06 15:58:55: 
2026-04-06 15:58:56:    ▲ Next.js 15.5.14
2026-04-06 15:58:56:    - Local:        http://localhost:3000
2026-04-06 15:58:56:    - Network:      http://192.168.1.130:3000
2026-04-06 15:58:56: 
2026-04-06 15:58:56:  ✓ Starting...
2026-04-06 15:59:02: 
2026-04-06 15:59:02: > neron-client@0.1.0 start
2026-04-06 15:59:02: > next start
2026-04-06 15:59:02: 
2026-04-06 15:59:02:    ▲ Next.js 15.5.14
2026-04-06 15:59:02:    - Local:        http://localhost:3000
2026-04-06 15:59:02:    - Network:      http://192.168.1.130:3000
2026-04-06 15:59:02: 
2026-04-06 15:59:02:  ✓ Starting...
2026-04-06 15:59:08: 
2026-04-06 15:59:08: > neron-client@0.1.0 start
2026-04-06 15:59:08: > next start
2026-04-06 15:59:08: 
2026-04-06 15:59:08:    ▲ Next.js 15.5.14
2026-04-06 15:59:08:    - Local:        http://localhost:3000
2026-04-06 15:59:08:    - Network:      http://192.168.1.130:3000
2026-04-06 15:59:08: 
2026-04-06 15:59:08:  ✓ Starting...
2026-04-06 15:59:14: 
2026-04-06 15:59:14: > neron-client@0.1.0 start
2026-04-06 15:59:14: > next start
2026-04-06 15:59:14: 
2026-04-06 15:59:14:    ▲ Next.js 15.5.14
2026-04-06 15:59:14:    - Local:        http://localhost:3000
2026-04-06 15:59:14:    - Network:      http://192.168.1.130:3000
2026-04-06 15:59:14: 
2026-04-06 15:59:14:  ✓ Starting...
2026-04-06 15:59:20: 
2026-04-06 15:59:20: > neron-client@0.1.0 start
2026-04-06 15:59:20: > next start
2026-04-06 15:59:20: 
2026-04-06 15:59:21:    ▲ Next.js 15.5.14
2026-04-06 15:59:21:    - Local:        http://localhost:3000
2026-04-06 15:59:21:    - Network:      http://192.168.1.130:3000
2026-04-06 15:59:21: 
2026-04-06 15:59:21:  ✓ Starting...
2026-04-06 15:59:26: 
2026-04-06 15:59:26: > neron-client@0.1.0 start
2026-04-06 15:59:26: > next start
2026-04-06 15:59:26: 
2026-04-06 15:59:27:    ▲ Next.js 15.5.14
2026-04-06 15:59:27:    - Local:        http://localhost:3000
2026-04-06 15:59:27:    - Network:      http://192.168.1.130:3000
2026-04-06 15:59:27: 
2026-04-06 15:59:27:  ✓ Starting...
2026-04-06 15:59:33: 
2026-04-06 15:59:33: > neron-client@0.1.0 start
2026-04-06 15:59:33: > next start
2026-04-06 15:59:33: 
2026-04-06 15:59:33:    ▲ Next.js 15.5.14
2026-04-06 15:59:33:    - Local:        http://localhost:3000
2026-04-06 15:59:33:    - Network:      http://192.168.1.130:3000
2026-04-06 15:59:33: 
2026-04-06 15:59:33:  ✓ Starting...
2026-04-06 15:59:39: 
2026-04-06 15:59:39: > neron-client@0.1.0 start
2026-04-06 15:59:39: > next start
2026-04-06 15:59:39: 
2026-04-06 15:59:39:    ▲ Next.js 15.5.14
2026-04-06 15:59:39:    - Local:        http://localhost:3000
2026-04-06 15:59:39:    - Network:      http://192.168.1.130:3000
2026-04-06 15:59:39: 
2026-04-06 15:59:39:  ✓ Starting...
2026-04-06 15:59:45: 
2026-04-06 15:59:45: > neron-client@0.1.0 start
2026-04-06 15:59:45: > next start
2026-04-06 15:59:45: 
2026-04-06 15:59:45:    ▲ Next.js 15.5.14
2026-04-06 15:59:45:    - Local:        http://localhost:3000
2026-04-06 15:59:45:    - Network:      http://192.168.1.130:3000
2026-04-06 15:59:45: 
2026-04-06 15:59:45:  ✓ Starting...
2026-04-06 15:59:51: 
2026-04-06 15:59:51: > neron-client@0.1.0 start
2026-04-06 15:59:51: > next start
2026-04-06 15:59:51: 
2026-04-06 15:59:52:    ▲ Next.js 15.5.14
2026-04-06 15:59:52:    - Local:        http://localhost:3000
2026-04-06 15:59:52:    - Network:      http://192.168.1.130:3000
2026-04-06 15:59:52: 
2026-04-06 15:59:52:  ✓ Starting...
2026-04-06 15:59:58: 
2026-04-06 15:59:58: > neron-client@0.1.0 start
2026-04-06 15:59:58: > next start
2026-04-06 15:59:58: 
2026-04-06 15:59:58:    ▲ Next.js 15.5.14
2026-04-06 15:59:58:    - Local:        http://localhost:3000
2026-04-06 15:59:58:    - Network:      http://192.168.1.130:3000
2026-04-06 15:59:58: 
2026-04-06 15:59:58:  ✓ Starting...
2026-04-06 16:00:04: 
2026-04-06 16:00:04: > neron-client@0.1.0 start
2026-04-06 16:00:04: > next start
2026-04-06 16:00:04: 
2026-04-06 16:00:04:    ▲ Next.js 15.5.14
2026-04-06 16:00:04:    - Local:        http://localhost:3000
2026-04-06 16:00:04:    - Network:      http://192.168.1.130:3000
2026-04-06 16:00:04: 
2026-04-06 16:00:04:  ✓ Starting...
2026-04-06 16:00:10: 
2026-04-06 16:00:10: > neron-client@0.1.0 start
2026-04-06 16:00:10: > next start
2026-04-06 16:00:10: 
2026-04-06 16:00:10:    ▲ Next.js 15.5.14
2026-04-06 16:00:10:    - Local:        http://localhost:3000
2026-04-06 16:00:10:    - Network:      http://192.168.1.130:3000
2026-04-06 16:00:10: 
2026-04-06 16:00:10:  ✓ Starting...
2026-04-06 16:00:16: 
2026-04-06 16:00:16: > neron-client@0.1.0 start
2026-04-06 16:00:16: > next start
2026-04-06 16:00:16: 
2026-04-06 16:00:17:    ▲ Next.js 15.5.14
2026-04-06 16:00:17:    - Local:        http://localhost:3000
2026-04-06 16:00:17:    - Network:      http://192.168.1.130:3000
2026-04-06 16:00:17: 
2026-04-06 16:00:17:  ✓ Starting...
2026-04-06 16:00:22: 
2026-04-06 16:00:22: > neron-client@0.1.0 start
2026-04-06 16:00:22: > next start
2026-04-06 16:00:22: 
2026-04-06 16:00:23:    ▲ Next.js 15.5.14
2026-04-06 16:00:23:    - Local:        http://localhost:3000
2026-04-06 16:00:23:    - Network:      http://192.168.1.130:3000
2026-04-06 16:00:23: 
2026-04-06 16:00:23:  ✓ Starting...
2026-04-06 16:00:29: 
2026-04-06 16:00:29: > neron-client@0.1.0 start
2026-04-06 16:00:29: > next start
2026-04-06 16:00:29: 
2026-04-06 16:00:29:    ▲ Next.js 15.5.14
2026-04-06 16:00:29:    - Local:        http://localhost:3000
2026-04-06 16:00:29:    - Network:      http://192.168.1.130:3000
2026-04-06 16:00:29: 
2026-04-06 16:00:29:  ✓ Starting...
2026-04-06 16:00:35: 
2026-04-06 16:00:35: > neron-client@0.1.0 start
2026-04-06 16:00:35: > next start
2026-04-06 16:00:35: 
2026-04-06 16:00:35:    ▲ Next.js 15.5.14
2026-04-06 16:00:35:    - Local:        http://localhost:3000
2026-04-06 16:00:35:    - Network:      http://192.168.1.130:3000
2026-04-06 16:00:35: 
2026-04-06 16:00:35:  ✓ Starting...
2026-04-06 16:00:41: 
2026-04-06 16:00:41: > neron-client@0.1.0 start
2026-04-06 16:00:41: > next start
2026-04-06 16:00:41: 
2026-04-06 16:00:41:    ▲ Next.js 15.5.14
2026-04-06 16:00:41:    - Local:        http://localhost:3000
2026-04-06 16:00:41:    - Network:      http://192.168.1.130:3000
2026-04-06 16:00:41: 
2026-04-06 16:00:41:  ✓ Starting...
2026-04-06 16:00:47: 
2026-04-06 16:00:47: > neron-client@0.1.0 start
2026-04-06 16:00:47: > next start
2026-04-06 16:00:47: 
2026-04-06 16:00:48:    ▲ Next.js 15.5.14
2026-04-06 16:00:48:    - Local:        http://localhost:3000
2026-04-06 16:00:48:    - Network:      http://192.168.1.130:3000
2026-04-06 16:00:48: 
2026-04-06 16:00:48:  ✓ Starting...
2026-04-06 16:00:53: 
2026-04-06 16:00:53: > neron-client@0.1.0 start
2026-04-06 16:00:53: > next start
2026-04-06 16:00:53: 
2026-04-06 16:00:54:    ▲ Next.js 15.5.14
2026-04-06 16:00:54:    - Local:        http://localhost:3000
2026-04-06 16:00:54:    - Network:      http://192.168.1.130:3000
2026-04-06 16:00:54: 
2026-04-06 16:00:54:  ✓ Starting...
2026-04-06 16:01:00: 
2026-04-06 16:01:00: > neron-client@0.1.0 start
2026-04-06 16:01:00: > next start
2026-04-06 16:01:00: 
2026-04-06 16:01:00:    ▲ Next.js 15.5.14
2026-04-06 16:01:00:    - Local:        http://localhost:3000
2026-04-06 16:01:00:    - Network:      http://192.168.1.130:3000
2026-04-06 16:01:00: 
2026-04-06 16:01:00:  ✓ Starting...
2026-04-06 16:01:06: 
2026-04-06 16:01:06: > neron-client@0.1.0 start
2026-04-06 16:01:06: > next start
2026-04-06 16:01:06: 
2026-04-06 16:01:06:    ▲ Next.js 15.5.14
2026-04-06 16:01:06:    - Local:        http://localhost:3000
2026-04-06 16:01:06:    - Network:      http://192.168.1.130:3000
2026-04-06 16:01:06: 
2026-04-06 16:01:06:  ✓ Starting...
2026-04-06 16:01:12: 
2026-04-06 16:01:12: > neron-client@0.1.0 start
2026-04-06 16:01:12: > next start
2026-04-06 16:01:12: 
2026-04-06 16:01:12:    ▲ Next.js 15.5.14
2026-04-06 16:01:12:    - Local:        http://localhost:3000
2026-04-06 16:01:12:    - Network:      http://192.168.1.130:3000
2026-04-06 16:01:12: 
2026-04-06 16:01:12:  ✓ Starting...
2026-04-06 16:01:18: 
2026-04-06 16:01:18: > neron-client@0.1.0 start
2026-04-06 16:01:18: > next start
2026-04-06 16:01:18: 
2026-04-06 16:01:18:    ▲ Next.js 15.5.14
2026-04-06 16:01:18:    - Local:        http://localhost:3000
2026-04-06 16:01:18:    - Network:      http://192.168.1.130:3000
2026-04-06 16:01:18: 
2026-04-06 16:01:18:  ✓ Starting...
2026-04-06 16:02:18: 
2026-04-06 16:02:18: > neron-client@0.1.0 start
2026-04-06 16:02:18: > next start
2026-04-06 16:02:18: 
2026-04-06 16:02:18:    ▲ Next.js 15.5.14
2026-04-06 16:02:18:    - Local:        http://localhost:3000
2026-04-06 16:02:18:    - Network:      http://192.168.1.130:3000
2026-04-06 16:02:18: 
2026-04-06 16:02:18:  ✓ Starting...
2026-04-06 16:02:24: 
2026-04-06 16:02:24: > neron-client@0.1.0 start
2026-04-06 16:02:24: > next start
2026-04-06 16:02:24: 
2026-04-06 16:02:25:    ▲ Next.js 15.5.14
2026-04-06 16:02:25:    - Local:        http://localhost:3000
2026-04-06 16:02:25:    - Network:      http://192.168.1.130:3000
2026-04-06 16:02:25: 
2026-04-06 16:02:25:  ✓ Starting...
2026-04-06 16:02:30: 
2026-04-06 16:02:30: > neron-client@0.1.0 start
2026-04-06 16:02:30: > next start
2026-04-06 16:02:30: 
2026-04-06 16:02:31:    ▲ Next.js 15.5.14
2026-04-06 16:02:31:    - Local:        http://localhost:3000
2026-04-06 16:02:31:    - Network:      http://192.168.1.130:3000
2026-04-06 16:02:31: 
2026-04-06 16:02:31:  ✓ Starting...
2026-04-06 16:02:37: 
2026-04-06 16:02:37: > neron-client@0.1.0 start
2026-04-06 16:02:37: > next start
2026-04-06 16:02:37: 
2026-04-06 16:02:37:    ▲ Next.js 15.5.14
2026-04-06 16:02:37:    - Local:        http://localhost:3000
2026-04-06 16:02:37:    - Network:      http://192.168.1.130:3000
2026-04-06 16:02:37: 
2026-04-06 16:02:37:  ✓ Starting...
2026-04-06 16:02:43: 
2026-04-06 16:02:43: > neron-client@0.1.0 start
2026-04-06 16:02:43: > next start
2026-04-06 16:02:43: 
2026-04-06 16:02:43:    ▲ Next.js 15.5.14
2026-04-06 16:02:43:    - Local:        http://localhost:3000
2026-04-06 16:02:43:    - Network:      http://192.168.1.130:3000
2026-04-06 16:02:43: 
2026-04-06 16:02:43:  ✓ Starting...
2026-04-06 16:02:49: 
2026-04-06 16:02:49: > neron-client@0.1.0 start
2026-04-06 16:02:49: > next start
2026-04-06 16:02:49: 
2026-04-06 16:02:49:    ▲ Next.js 15.5.14
2026-04-06 16:02:49:    - Local:        http://localhost:3000
2026-04-06 16:02:49:    - Network:      http://192.168.1.130:3000
2026-04-06 16:02:49: 
2026-04-06 16:02:49:  ✓ Starting...
2026-04-06 16:02:55: 
2026-04-06 16:02:55: > neron-client@0.1.0 start
2026-04-06 16:02:55: > next start
2026-04-06 16:02:55: 
2026-04-06 16:02:55:    ▲ Next.js 15.5.14
2026-04-06 16:02:55:    - Local:        http://localhost:3000
2026-04-06 16:02:55:    - Network:      http://192.168.1.130:3000
2026-04-06 16:02:55: 
2026-04-06 16:02:55:  ✓ Starting...
2026-04-06 16:03:01: 
2026-04-06 16:03:01: > neron-client@0.1.0 start
2026-04-06 16:03:01: > next start
2026-04-06 16:03:01: 
2026-04-06 16:03:02:    ▲ Next.js 15.5.14
2026-04-06 16:03:02:    - Local:        http://localhost:3000
2026-04-06 16:03:02:    - Network:      http://192.168.1.130:3000
2026-04-06 16:03:02: 
2026-04-06 16:03:02:  ✓ Starting...
2026-04-06 16:03:08: 
2026-04-06 16:03:08: > neron-client@0.1.0 start
2026-04-06 16:03:08: > next start
2026-04-06 16:03:08: 
2026-04-06 16:03:08:    ▲ Next.js 15.5.14
2026-04-06 16:03:08:    - Local:        http://localhost:3000
2026-04-06 16:03:08:    - Network:      http://192.168.1.130:3000
2026-04-06 16:03:08: 
2026-04-06 16:03:08:  ✓ Starting...
2026-04-06 16:03:14: 
2026-04-06 16:03:14: > neron-client@0.1.0 start
2026-04-06 16:03:14: > next start
2026-04-06 16:03:14: 
2026-04-06 16:03:14:    ▲ Next.js 15.5.14
2026-04-06 16:03:14:    - Local:        http://localhost:3000
2026-04-06 16:03:14:    - Network:      http://192.168.1.130:3000
2026-04-06 16:03:14: 
2026-04-06 16:03:14:  ✓ Starting...
2026-04-06 16:03:20: 
2026-04-06 16:03:20: > neron-client@0.1.0 start
2026-04-06 16:03:20: > next start
2026-04-06 16:03:20: 
2026-04-06 16:03:21:    ▲ Next.js 15.5.14
2026-04-06 16:03:21:    - Local:        http://localhost:3000
2026-04-06 16:03:21:    - Network:      http://192.168.1.130:3000
2026-04-06 16:03:21: 
2026-04-06 16:03:21:  ✓ Starting...
2026-04-06 16:03:26: 
2026-04-06 16:03:26: > neron-client@0.1.0 start
2026-04-06 16:03:26: > next start
2026-04-06 16:03:26: 
2026-04-06 16:03:27:    ▲ Next.js 15.5.14
2026-04-06 16:03:27:    - Local:        http://localhost:3000
2026-04-06 16:03:27:    - Network:      http://192.168.1.130:3000
2026-04-06 16:03:27: 
2026-04-06 16:03:27:  ✓ Starting...
2026-04-06 16:03:33: 
2026-04-06 16:03:33: > neron-client@0.1.0 start
2026-04-06 16:03:33: > next start
2026-04-06 16:03:33: 
2026-04-06 16:03:33:    ▲ Next.js 15.5.14
2026-04-06 16:03:33:    - Local:        http://localhost:3000
2026-04-06 16:03:33:    - Network:      http://192.168.1.130:3000
2026-04-06 16:03:33: 
2026-04-06 16:03:33:  ✓ Starting...
2026-04-06 16:03:39: 
2026-04-06 16:03:39: > neron-client@0.1.0 start
2026-04-06 16:03:39: > next start
2026-04-06 16:03:39: 
2026-04-06 16:03:39:    ▲ Next.js 15.5.14
2026-04-06 16:03:39:    - Local:        http://localhost:3000
2026-04-06 16:03:39:    - Network:      http://192.168.1.130:3000
2026-04-06 16:03:39: 
2026-04-06 16:03:39:  ✓ Starting...
2026-04-06 16:03:45: 
2026-04-06 16:03:45: > neron-client@0.1.0 start
2026-04-06 16:03:45: > next start
2026-04-06 16:03:45: 
2026-04-06 16:03:45:    ▲ Next.js 15.5.14
2026-04-06 16:03:45:    - Local:        http://localhost:3000
2026-04-06 16:03:45:    - Network:      http://192.168.1.130:3000
2026-04-06 16:03:45: 
2026-04-06 16:03:45:  ✓ Starting...
2026-04-06 16:03:51: 
2026-04-06 16:03:51: > neron-client@0.1.0 start
2026-04-06 16:03:51: > next start
2026-04-06 16:03:51: 
2026-04-06 16:03:52:    ▲ Next.js 15.5.14
2026-04-06 16:03:52:    - Local:        http://localhost:3000
2026-04-06 16:03:52:    - Network:      http://192.168.1.130:3000
2026-04-06 16:03:52: 
2026-04-06 16:03:52:  ✓ Starting...
2026-04-06 16:03:58: 
2026-04-06 16:03:58: > neron-client@0.1.0 start
2026-04-06 16:03:58: > next start
2026-04-06 16:03:58: 
2026-04-06 16:03:58:    ▲ Next.js 15.5.14
2026-04-06 16:03:58:    - Local:        http://localhost:3000
2026-04-06 16:03:58:    - Network:      http://192.168.1.130:3000
2026-04-06 16:03:58: 
2026-04-06 16:03:58:  ✓ Starting...
2026-04-06 16:04:04: 
2026-04-06 16:04:04: > neron-client@0.1.0 start
2026-04-06 16:04:04: > next start
2026-04-06 16:04:04: 
2026-04-06 16:04:04:    ▲ Next.js 15.5.14
2026-04-06 16:04:04:    - Local:        http://localhost:3000
2026-04-06 16:04:04:    - Network:      http://192.168.1.130:3000
2026-04-06 16:04:04: 
2026-04-06 16:04:04:  ✓ Starting...
2026-04-06 16:04:10: 
2026-04-06 16:04:10: > neron-client@0.1.0 start
2026-04-06 16:04:10: > next start
2026-04-06 16:04:10: 
2026-04-06 16:04:10:    ▲ Next.js 15.5.14
2026-04-06 16:04:10:    - Local:        http://localhost:3000
2026-04-06 16:04:10:    - Network:      http://192.168.1.130:3000
2026-04-06 16:04:10: 
2026-04-06 16:04:10:  ✓ Starting...
2026-04-06 16:04:16: 
2026-04-06 16:04:16: > neron-client@0.1.0 start
2026-04-06 16:04:16: > next start
2026-04-06 16:04:16: 
2026-04-06 16:04:17:    ▲ Next.js 15.5.14
2026-04-06 16:04:17:    - Local:        http://localhost:3000
2026-04-06 16:04:17:    - Network:      http://192.168.1.130:3000
2026-04-06 16:04:17: 
2026-04-06 16:04:17:  ✓ Starting...
2026-04-06 16:04:22: 
2026-04-06 16:04:22: > neron-client@0.1.0 start
2026-04-06 16:04:22: > next start
2026-04-06 16:04:22: 
2026-04-06 16:04:23:    ▲ Next.js 15.5.14
2026-04-06 16:04:23:    - Local:        http://localhost:3000
2026-04-06 16:04:23:    - Network:      http://192.168.1.130:3000
2026-04-06 16:04:23: 
2026-04-06 16:04:23:  ✓ Starting...
2026-04-06 16:04:29: 
2026-04-06 16:04:29: > neron-client@0.1.0 start
2026-04-06 16:04:29: > next start
2026-04-06 16:04:29: 
2026-04-06 16:04:29:    ▲ Next.js 15.5.14
2026-04-06 16:04:29:    - Local:        http://localhost:3000
2026-04-06 16:04:29:    - Network:      http://192.168.1.130:3000
2026-04-06 16:04:29: 
2026-04-06 16:04:29:  ✓ Starting...
2026-04-06 16:04:35: 
2026-04-06 16:04:35: > neron-client@0.1.0 start
2026-04-06 16:04:35: > next start
2026-04-06 16:04:35: 
2026-04-06 16:04:36:    ▲ Next.js 15.5.14
2026-04-06 16:04:36:    - Local:        http://localhost:3000
2026-04-06 16:04:36:    - Network:      http://192.168.1.130:3000
2026-04-06 16:04:36: 
2026-04-06 16:04:36:  ✓ Starting...
2026-04-06 16:04:41: 
2026-04-06 16:04:41: > neron-client@0.1.0 start
2026-04-06 16:04:41: > next start
2026-04-06 16:04:41: 
2026-04-06 16:04:42:    ▲ Next.js 15.5.14
2026-04-06 16:04:42:    - Local:        http://localhost:3000
2026-04-06 16:04:42:    - Network:      http://192.168.1.130:3000
2026-04-06 16:04:42: 
2026-04-06 16:04:42:  ✓ Starting...
2026-04-06 16:04:48: 
2026-04-06 16:04:48: > neron-client@0.1.0 start
2026-04-06 16:04:48: > next start
2026-04-06 16:04:48: 
2026-04-06 16:04:48:    ▲ Next.js 15.5.14
2026-04-06 16:04:48:    - Local:        http://localhost:3000
2026-04-06 16:04:48:    - Network:      http://192.168.1.130:3000
2026-04-06 16:04:48: 
2026-04-06 16:04:48:  ✓ Starting...
2026-04-06 16:04:54: 
2026-04-06 16:04:54: > neron-client@0.1.0 start
2026-04-06 16:04:54: > next start
2026-04-06 16:04:54: 
2026-04-06 16:04:54:    ▲ Next.js 15.5.14
2026-04-06 16:04:54:    - Local:        http://localhost:3000
2026-04-06 16:04:54:    - Network:      http://192.168.1.130:3000
2026-04-06 16:04:54: 
2026-04-06 16:04:54:  ✓ Starting...
2026-04-06 16:05:00: 
2026-04-06 16:05:00: > neron-client@0.1.0 start
2026-04-06 16:05:00: > next start
2026-04-06 16:05:00: 
2026-04-06 16:05:01:    ▲ Next.js 15.5.14
2026-04-06 16:05:01:    - Local:        http://localhost:3000
2026-04-06 16:05:01:    - Network:      http://192.168.1.130:3000
2026-04-06 16:05:01: 
2026-04-06 16:05:01:  ✓ Starting...
2026-04-06 16:05:07: 
2026-04-06 16:05:07: > neron-mobile@0.1.0 start
2026-04-06 16:05:07: > next start
2026-04-06 16:05:07: 
2026-04-06 16:05:07:    ▲ Next.js 15.5.14
2026-04-06 16:05:07:    - Local:        http://localhost:3000
2026-04-06 16:05:07:    - Network:      http://192.168.1.130:3000
2026-04-06 16:05:07: 
2026-04-06 16:05:07:  ✓ Starting...
2026-04-06 16:05:13: 
2026-04-06 16:05:13: > neron-mobile@0.1.0 start
2026-04-06 16:05:13: > next start
2026-04-06 16:05:13: 
2026-04-06 16:05:13:    ▲ Next.js 15.5.14
2026-04-06 16:05:13:    - Local:        http://localhost:3000
2026-04-06 16:05:13:    - Network:      http://192.168.1.130:3000
2026-04-06 16:05:13: 
2026-04-06 16:05:13:  ✓ Starting...
2026-04-06 16:05:19: 
2026-04-06 16:05:19: > neron-mobile@0.1.0 start
2026-04-06 16:05:19: > next start
2026-04-06 16:05:19: 
2026-04-06 16:05:20:    ▲ Next.js 15.5.14
2026-04-06 16:05:20:    - Local:        http://localhost:3000
2026-04-06 16:05:20:    - Network:      http://192.168.1.130:3000
2026-04-06 16:05:20: 
2026-04-06 16:05:20:  ✓ Starting...
2026-04-06 16:05:25: 
2026-04-06 16:05:25: > neron-mobile@0.1.0 start
2026-04-06 16:05:25: > next start
2026-04-06 16:05:25: 
2026-04-06 16:05:26:    ▲ Next.js 15.5.14
2026-04-06 16:05:26:    - Local:        http://localhost:3000
2026-04-06 16:05:26:    - Network:      http://192.168.1.130:3000
2026-04-06 16:05:26: 
2026-04-06 16:05:26:  ✓ Starting...
2026-04-06 16:05:32: 
2026-04-06 16:05:32: > neron-mobile@0.1.0 start
2026-04-06 16:05:32: > next start
2026-04-06 16:05:32: 
2026-04-06 16:05:32:    ▲ Next.js 15.5.14
2026-04-06 16:05:32:    - Local:        http://localhost:3000
2026-04-06 16:05:32:    - Network:      http://192.168.1.130:3000
2026-04-06 16:05:32: 
2026-04-06 16:05:32:  ✓ Starting...
2026-04-06 16:05:38: 
2026-04-06 16:05:38: > neron-mobile@0.1.0 start
2026-04-06 16:05:38: > next start
2026-04-06 16:05:38: 
2026-04-06 16:05:38:    ▲ Next.js 15.5.14
2026-04-06 16:05:38:    - Local:        http://localhost:3000
2026-04-06 16:05:38:    - Network:      http://192.168.1.130:3000
2026-04-06 16:05:38: 
2026-04-06 16:05:38:  ✓ Starting...
2026-04-06 16:05:44: 
2026-04-06 16:05:44: > neron-mobile@0.1.0 start
2026-04-06 16:05:44: > next start
2026-04-06 16:05:44: 
2026-04-06 16:05:44:    ▲ Next.js 15.5.14
2026-04-06 16:05:44:    - Local:        http://localhost:3000
2026-04-06 16:05:44:    - Network:      http://192.168.1.130:3000
2026-04-06 16:05:44: 
2026-04-06 16:05:44:  ✓ Starting...
2026-04-06 16:05:50: 
2026-04-06 16:05:50: > neron-mobile@0.1.0 start
2026-04-06 16:05:50: > next start
2026-04-06 16:05:50: 
2026-04-06 16:05:51:    ▲ Next.js 15.5.14
2026-04-06 16:05:51:    - Local:        http://localhost:3000
2026-04-06 16:05:51:    - Network:      http://192.168.1.130:3000
2026-04-06 16:05:51: 
2026-04-06 16:05:51:  ✓ Starting...
2026-04-06 16:05:56: 
2026-04-06 16:05:56: > neron-mobile@0.1.0 start
2026-04-06 16:05:56: > next start
2026-04-06 16:05:56: 
2026-04-06 16:05:57:    ▲ Next.js 15.5.14
2026-04-06 16:05:57:    - Local:        http://localhost:3000
2026-04-06 16:05:57:    - Network:      http://192.168.1.130:3000
2026-04-06 16:05:57: 
2026-04-06 16:05:57:  ✓ Starting...
2026-04-06 16:06:03: 
2026-04-06 16:06:03: > neron-mobile@0.1.0 start
2026-04-06 16:06:03: > next start
2026-04-06 16:06:03: 
2026-04-06 16:06:03:    ▲ Next.js 15.5.14
2026-04-06 16:06:03:    - Local:        http://localhost:3000
2026-04-06 16:06:03:    - Network:      http://192.168.1.130:3000
2026-04-06 16:06:03: 
2026-04-06 16:06:03:  ✓ Starting...
2026-04-06 16:06:09: 
2026-04-06 16:06:09: > neron-mobile@0.1.0 start
2026-04-06 16:06:09: > next start
2026-04-06 16:06:09: 
2026-04-06 16:06:09:    ▲ Next.js 15.5.14
2026-04-06 16:06:09:    - Local:        http://localhost:3000
2026-04-06 16:06:09:    - Network:      http://192.168.1.130:3000
2026-04-06 16:06:09: 
2026-04-06 16:06:09:  ✓ Starting...
2026-04-06 16:06:15: 
2026-04-06 16:06:15: > neron-mobile@0.1.0 start
2026-04-06 16:06:15: > next start
2026-04-06 16:06:15: 
2026-04-06 16:06:15:    ▲ Next.js 15.5.14
2026-04-06 16:06:15:    - Local:        http://localhost:3000
2026-04-06 16:06:15:    - Network:      http://192.168.1.130:3000
2026-04-06 16:06:15: 
2026-04-06 16:06:15:  ✓ Starting...
2026-04-06 16:06:21: 
2026-04-06 16:06:21: > neron-mobile@0.1.0 start
2026-04-06 16:06:21: > next start
2026-04-06 16:06:21: 
2026-04-06 16:06:22:    ▲ Next.js 15.5.14
2026-04-06 16:06:22:    - Local:        http://localhost:3000
2026-04-06 16:06:22:    - Network:      http://192.168.1.130:3000
2026-04-06 16:06:22: 
2026-04-06 16:06:22:  ✓ Starting...
2026-04-06 16:06:28: 
2026-04-06 16:06:28: > neron-mobile@0.1.0 start
2026-04-06 16:06:28: > next start
2026-04-06 16:06:28: 
2026-04-06 16:06:28:    ▲ Next.js 15.5.14
2026-04-06 16:06:28:    - Local:        http://localhost:3000
2026-04-06 16:06:28:    - Network:      http://192.168.1.130:3000
2026-04-06 16:06:28: 
2026-04-06 16:06:28:  ✓ Starting...
